<?xml version="1.0" encoding="utf-8"?><testsuites name="pytest tests"><testsuite name="pytest" errors="0" failures="0" skipped="0" tests="17" time="3.862" timestamp="2026-07-27T08:51:32.747461+00:00" hostname="agent-env-115a2af9-846e-46a9-8f60-83c8a524a47f"><testcase classname="tests.test_workshop_api.TestBookingAdmin" name="test_list_requires_auth" time="0.181" /><testcase classname="tests.test_workshop_api.TestAuth" name="test_login_success_sets_cookie" time="0.477" /><testcase classname="tests.test_workshop_api.TestBookingAdmin" name="test_stats_requires_auth" time="0.259" /><testcase classname="tests.test_workshop_api.TestBookingAdmin" name="test_patch_requires_auth" time="0.140" /><testcase classname="tests.test_workshop_api.TestAuth" name="test_login_wrong_password" time="0.408" /><testcase classname="tests.test_workshop_api.TestAuth" name="test_me_requires_auth" time="0.215" /><testcase classname="tests.test_workshop_api.TestBookingAdmin" name="test_list_bookings" time="0.567" /><testcase classname="tests.test_workshop_api.TestBookingAdmin" name="test_stats" time="0.045" /><testcase classname="tests.test_workshop_api.TestBookingAdmin" name="test_update_status_flow" time="0.689" /><testcase classname="tests.test_workshop_api.TestAuth" name="test_me_authenticated" time="0.378" /><testcase classname="tests.test_workshop_api.TestAuth" name="test_logout" time="0.400" /><testcase classname="tests.test_workshop_api.TestHealthAndSeeding" name="test_health" time="0.107" /><testcase classname="tests.test_workshop_api.TestBookingAdmin" name="test_invalid_status" time="0.177" /><testcase classname="tests.test_workshop_api.TestHealthAndSeeding" name="test_wrong_password_clean_json" time="0.350" /><testcase classname="tests.test_workshop_api.TestBookingAdmin" name="test_nonexistent_booking" time="0.240" /><testcase classname="tests.test_workshop_api.TestBookingPublic" name="test_create_booking_public" time="0.097" /><testcase classname="tests.test_workshop_api.TestHealthAndSeeding" name="test_login_idempotent_no_dup_admin" time="0.995" /></testsuite></testsuites>