<?xml version="1.0" encoding="utf-8"?><testsuites name="pytest tests"><testsuite name="pytest" errors="0" failures="0" skipped="0" tests="25" time="4.869" timestamp="2026-07-27T09:37:37.162243+00:00" hostname="agent-env-115a2af9-846e-46a9-8f60-83c8a524a47f"><testcase classname="tests.test_workshop_api.TestHealthAuth" name="test_health" time="0.177" /><testcase classname="tests.test_workshop_api.TestHealthAuth" name="test_login_success_cookie" time="0.487" /><testcase classname="tests.test_workshop_api.TestHealthAuth" name="test_login_wrong_password" time="0.323" /><testcase classname="tests.test_workshop_api.TestBookings" name="test_create_booking_public" time="0.993" /><testcase classname="tests.test_workshop_api.TestHealthAuth" name="test_me_requires_auth" time="0.096" /><testcase classname="tests.test_workshop_api.TestBookings" name="test_list_requires_auth" time="0.136" /><testcase classname="tests.test_workshop_api.TestBookings" name="test_stats_requires_auth" time="0.278" /><testcase classname="tests.test_workshop_api.TestHealthAuth" name="test_me_authenticated" time="0.373" /><testcase classname="tests.test_workshop_api.TestBookings" name="test_list_and_search" time="0.097" /><testcase classname="tests.test_workshop_api.TestHealthAuth" name="test_logout" time="0.352" /><testcase classname="tests.test_workshop_api.TestBookings" name="test_stats" time="0.270" /><testcase classname="tests.test_workshop_api.TestBookings" name="test_status_flow_accept_progress_complete" time="0.372" /><testcase classname="tests.test_workshop_api.TestPublic" name="test_config" time="0.143" /><testcase classname="tests.test_workshop_api.TestPublic" name="test_available_slots_returns_created_slot" time="0.229" /><testcase classname="tests.test_workshop_api.TestBookings" name="test_reject_flow" time="0.165" /><testcase classname="tests.test_workshop_api.TestSlots" name="test_list_requires_auth" time="0.092" /><testcase classname="tests.test_workshop_api.TestSlots" name="test_create_and_toggle_and_delete" time="0.405" /><testcase classname="tests.test_workshop_api.TestBookings" name="test_invalid_status" time="0.158" /><testcase classname="tests.test_workshop_api.TestBookings" name="test_nonexistent_booking" time="0.051" /><testcase classname="tests.test_workshop_api.TestBookings" name="test_booking_rejected_when_slot_closed" time="0.289" /><testcase classname="tests.test_workshop_api.TestBookings" name="test_capacity_enforced" time="0.504" /><testcase classname="tests.test_workshop_api.TestBookings" name="test_get_requires_auth" time="0.105" /><testcase classname="tests.test_workshop_api.TestBookings" name="test_put_persist" time="0.142" /><testcase classname="tests.test_workshop_api.TestBookings" name="test_holiday_mode_blocks_booking" time="0.388" /><testcase classname="tests.test_workshop_api.TestBookings" name="test_is_available_false_blocks" time="0.383" /></testsuite></testsuites>